<?xml version="1.0" encoding="UTF-8"?>
<!-- Generated by org.testng.reporters.JUnitReportReporter -->
<testsuite hostname="b5221b78ca21" failures="0" tests="20" name="com.preeti.tests.flightreservation.FlightReservationTest" time="98.832" errors="0" timestamp="2025-03-15T23:37:29 GMT" skipped="0">
  <testcase classname="com.preeti.tests.flightreservation.FlightReservationTest" name="flightSearchTest" time="2.856"/>
  <testcase classname="com.preeti.tests.flightreservation.FlightReservationTest" name="flightSelectionTest" time="3.747"/>
  <testcase classname="com.preeti.tests.flightreservation.FlightReservationTest" name="flightSelectionTest" time="3.194"/>
  <testcase classname="com.preeti.tests.flightreservation.FlightReservationTest" name="flightSelectionTest" time="2.251"/>
  <testcase classname="com.preeti.tests.flightreservation.FlightReservationTest" name="flightSearchTest" time="3.807"/>
  <testcase classname="com.preeti.tests.flightreservation.FlightReservationTest" name="userRegistrationTest" time="18.966"/>
  <testcase classname="com.preeti.tests.flightreservation.FlightReservationTest" name="flightConfirmationTest" time="0.831"/>
  <testcase classname="com.preeti.tests.flightreservation.FlightReservationTest" name="flightConfirmationTest" time="0.636"/>
  <testcase classname="com.preeti.tests.flightreservation.FlightReservationTest" name="flightConfirmationTest" time="2.190"/>
  <testcase classname="com.preeti.tests.flightreservation.FlightReservationTest" name="userRegistrationTest" time="20.967"/>
  <testcase classname="com.preeti.tests.flightreservation.FlightReservationTest" name="userRegistrationTest" time="2.260"/>
  <testcase classname="com.preeti.tests.flightreservation.FlightReservationTest" name="flightSearchTest" time="2.113"/>
  <testcase classname="com.preeti.tests.flightreservation.FlightReservationTest" name="registrationConfirmationTest" time="3.593"/>
  <testcase classname="com.preeti.tests.flightreservation.FlightReservationTest" name="userRegistrationTest" time="18.718"/>
  <testcase classname="com.preeti.tests.flightreservation.FlightReservationTest" name="registrationConfirmationTest" time="2.104"/>
  <testcase classname="com.preeti.tests.flightreservation.FlightReservationTest" name="flightConfirmationTest" time="0.671"/>
  <testcase classname="com.preeti.tests.flightreservation.FlightReservationTest" name="registrationConfirmationTest" time="2.563"/>
  <testcase classname="com.preeti.tests.flightreservation.FlightReservationTest" name="registrationConfirmationTest" time="3.803"/>
  <testcase classname="com.preeti.tests.flightreservation.FlightReservationTest" name="flightSearchTest" time="2.419"/>
  <testcase classname="com.preeti.tests.flightreservation.FlightReservationTest" name="flightSelectionTest" time="1.143"/>
</testsuite> <!-- com.preeti.tests.flightreservation.FlightReservationTest -->
