<?xml version="1.0" encoding="UTF-8"?>
<!-- Generated by org.testng.reporters.JUnitReportReporter -->
<testsuite hostname="fd9f1e52c10e" failures="0" tests="9" name="com.preeti.tests.vendarportal.VendarPortalTest" time="19.535" errors="0" timestamp="2025-03-14T22:18:48 GMT" skipped="0">
  <testcase classname="com.preeti.tests.vendarportal.VendarPortalTest" name="logoutTest" time="1.373"/>
  <testcase classname="com.preeti.tests.vendarportal.VendarPortalTest" name="dashboardTest" time="2.124"/>
  <testcase classname="com.preeti.tests.vendarportal.VendarPortalTest" name="loginTest" time="2.797"/>
  <testcase classname="com.preeti.tests.vendarportal.VendarPortalTest" name="logoutTest" time="1.356"/>
  <testcase classname="com.preeti.tests.vendarportal.VendarPortalTest" name="loginTest" time="2.796"/>
  <testcase classname="com.preeti.tests.vendarportal.VendarPortalTest" name="dashboardTest" time="1.333"/>
  <testcase classname="com.preeti.tests.vendarportal.VendarPortalTest" name="dashboardTest" time="3.187"/>
  <testcase classname="com.preeti.tests.vendarportal.VendarPortalTest" name="loginTest" time="2.798"/>
  <testcase classname="com.preeti.tests.vendarportal.VendarPortalTest" name="logoutTest" time="1.771"/>
</testsuite> <!-- com.preeti.tests.vendarportal.VendarPortalTest -->
