<?xml version="1.0" encoding="UTF-8"?>
<!-- Generated by org.testng.reporters.JUnitReportReporter -->
<testsuite hostname="735089b5b0bd" failures="0" tests="9" name="com.preeti.tests.vendarportal.VendarPortalTest" time="70.765" errors="0" timestamp="2025-03-15T23:37:15 GMT" skipped="0">
  <testcase classname="com.preeti.tests.vendarportal.VendarPortalTest" name="dashboardTest" time="5.080"/>
  <testcase classname="com.preeti.tests.vendarportal.VendarPortalTest" name="logoutTest" time="4.332"/>
  <testcase classname="com.preeti.tests.vendarportal.VendarPortalTest" name="loginTest" time="18.813"/>
  <testcase classname="com.preeti.tests.vendarportal.VendarPortalTest" name="dashboardTest" time="6.218"/>
  <testcase classname="com.preeti.tests.vendarportal.VendarPortalTest" name="logoutTest" time="4.102"/>
  <testcase classname="com.preeti.tests.vendarportal.VendarPortalTest" name="logoutTest" time="4.165"/>
  <testcase classname="com.preeti.tests.vendarportal.VendarPortalTest" name="loginTest" time="11.763"/>
  <testcase classname="com.preeti.tests.vendarportal.VendarPortalTest" name="dashboardTest" time="3.071"/>
  <testcase classname="com.preeti.tests.vendarportal.VendarPortalTest" name="loginTest" time="13.221"/>
</testsuite> <!-- com.preeti.tests.vendarportal.VendarPortalTest -->
